<?xml version="1.0" encoding="UTF-8"?>
<!-- Generated by org.testng.reporters.JUnitXMLReporter -->
<testsuite hostname="AGI-LT-1074" name="Default test" tests="10" failures="0" timestamp="7 Oct 2021 03:01:28 GMT" time="22.443" errors="0">
  <testcase name="ValidateBlazeDemoHome" time="14.5" classname="com.aris.MVN_Assessment_Project.BlazeDemo_FlightBooking_Test"/>
  <testcase name="ValidateBlazeDemoHome" time="14.5" classname="com.aris.MVN_Assessment_Project.BlazeDemo_FlightBooking_Test"/>
  <testcase name="ValidateReservePage" time="0.885" classname="com.aris.MVN_Assessment_Project.BlazeDemo_FlightBooking_Test"/>
  <testcase name="ValidateReservePage" time="0.885" classname="com.aris.MVN_Assessment_Project.BlazeDemo_FlightBooking_Test"/>
  <testcase name="ValidatePurchasePage" time="2.862" classname="com.aris.MVN_Assessment_Project.BlazeDemo_FlightBooking_Test"/>
  <testcase name="ValidatePurchasePage" time="2.862" classname="com.aris.MVN_Assessment_Project.BlazeDemo_FlightBooking_Test"/>
  <testcase name="ValidateCinfirmationPage" time="3.378" classname="com.aris.MVN_Assessment_Project.BlazeDemo_FlightBooking_Test"/>
  <testcase name="ValidateCinfirmationPage" time="3.378" classname="com.aris.MVN_Assessment_Project.BlazeDemo_FlightBooking_Test"/>
  <testcase name="PrintConfirmedData" time="0.214" classname="com.aris.MVN_Assessment_Project.BlazeDemo_FlightBooking_Test"/>
  <testcase name="PrintConfirmedData" time="0.214" classname="com.aris.MVN_Assessment_Project.BlazeDemo_FlightBooking_Test"/>
</testsuite> <!-- Default test -->
